<?xml version="1.0" encoding="UTF-8"?>
<coverage generated="1539169604768" clover="3.2.0">
  <project timestamp="1539169604768" name="All files">
    <metrics statements="29" coveredstatements="28" conditionals="2" coveredconditionals="1" methods="12" coveredmethods="10" elements="43" coveredelements="39" complexity="0" loc="29" ncloc="29" packages="3" files="4" classes="4">
      <package name="__test__">
        <metrics statements="4" coveredstatements="4" conditionals="0" coveredconditionals="0" methods="0" coveredmethods="0"/>
        <file name="fakeProducts.js" path="C:\Programming\projects\shopping-site\__test__\fakeProducts.js">
          <metrics statements="4" coveredstatements="4" conditionals="0" coveredconditionals="0" methods="0" coveredmethods="0"/>
          <line num="1" count="1" type="stmt"/>
          <line num="14" count="1" type="stmt"/>
          <line num="26" count="1" type="stmt"/>
          <line num="37" count="1" type="stmt"/>
        </file>
      </package>
      <package name="db">
        <metrics statements="1" coveredstatements="1" conditionals="0" coveredconditionals="0" methods="0" coveredmethods="0"/>
        <file name="db.config.js" path="C:\Programming\projects\shopping-site\db\db.config.js">
          <metrics statements="1" coveredstatements="1" conditionals="0" coveredconditionals="0" methods="0" coveredmethods="0"/>
          <line num="1" count="1" type="stmt"/>
        </file>
      </package>
      <package name="models">
        <metrics statements="24" coveredstatements="23" conditionals="2" coveredconditionals="1" methods="12" coveredmethods="10"/>
        <file name="Product.js" path="C:\Programming\projects\shopping-site\models\Product.js">
          <metrics statements="21" coveredstatements="20" conditionals="2" coveredconditionals="1" methods="12" coveredmethods="10"/>
          <line num="1" count="1" type="stmt"/>
          <line num="2" count="1" type="stmt"/>
          <line num="4" count="1" type="stmt"/>
          <line num="50" count="1" type="stmt"/>
          <line num="51" count="4" type="stmt"/>
          <line num="52" count="6" type="stmt"/>
          <line num="54" count="4" type="stmt"/>
          <line num="57" count="1" type="stmt"/>
          <line num="58" count="1" type="stmt"/>
          <line num="59" count="1" type="stmt"/>
          <line num="60" count="1" type="cond" truecount="1" falsecount="1"/>
          <line num="64" count="1" type="stmt"/>
          <line num="65" count="6" type="stmt"/>
          <line num="69" count="1" type="stmt"/>
          <line num="70" count="4" type="stmt"/>
          <line num="76" count="1" type="stmt"/>
          <line num="77" count="5" type="stmt"/>
          <line num="84" count="1" type="stmt"/>
          <line num="85" count="0" type="stmt"/>
          <line num="91" count="1" type="stmt"/>
          <line num="92" count="1" type="stmt"/>
        </file>
        <file name="Review.js" path="C:\Programming\projects\shopping-site\models\Review.js">
          <metrics statements="3" coveredstatements="3" conditionals="0" coveredconditionals="0" methods="0" coveredmethods="0"/>
          <line num="1" count="1" type="stmt"/>
          <line num="3" count="1" type="stmt"/>
          <line num="23" count="1" type="stmt"/>
        </file>
      </package>
    </metrics>
  </project>
</coverage>
