{"C:\\Programming\\projects\\shopping-site\\__test__\\fakeProducts.js": {"path":"C:\\Programming\\projects\\shopping-site\\__test__\\fakeProducts.js","statementMap":{"0":{"start":{"line":1,"column":0},"end":{"line":12,"column":2}},"1":{"start":{"line":14,"column":0},"end":{"line":24,"column":2}},"2":{"start":{"line":26,"column":0},"end":{"line":35,"column":2}},"3":{"start":{"line":37,"column":0},"end":{"line":46,"column":2}}},"fnMap":{},"branchMap":{},"s":{"0":1,"1":1,"2":1,"3":1},"f":{},"b":{},"_coverageSchema":"332fd63041d2c1bcb487cc26dd0d5f7d97098a6c","hash":"258d898186467326a9b8be3f40a75c721874ed6e"}
,"C:\\Programming\\projects\\shopping-site\\db\\db.config.js": {"path":"C:\\Programming\\projects\\shopping-site\\db\\db.config.js","statementMap":{"0":{"start":{"line":1,"column":0},"end":{"line":8,"column":2}}},"fnMap":{},"branchMap":{},"s":{"0":1},"f":{},"b":{},"_coverageSchema":"332fd63041d2c1bcb487cc26dd0d5f7d97098a6c","hash":"3f229594bd38d62c06ecf84282d6585f19e5aca4"}
,"C:\\Programming\\projects\\shopping-site\\models\\Product.js": {"path":"C:\\Programming\\projects\\shopping-site\\models\\Product.js","statementMap":{"0":{"start":{"line":1,"column":17},"end":{"line":1,"column":36}},"1":{"start":{"line":2,"column":21},"end":{"line":2,"column":40}},"2":{"start":{"line":4,"column":22},"end":{"line":48,"column":29}},"3":{"start":{"line":50,"column":0},"end":{"line":55,"column":3}},"4":{"start":{"line":51,"column":2},"end":{"line":53,"column":5}},"5":{"start":{"line":52,"column":4},"end":{"line":52,"column":93}},"6":{"start":{"line":54,"column":2},"end":{"line":54,"column":9}},"7":{"start":{"line":57,"column":0},"end":{"line":62,"column":2}},"8":{"start":{"line":58,"column":2},"end":{"line":61,"column":5}},"9":{"start":{"line":59,"column":17},"end":{"line":59,"column":34}},"10":{"start":{"line":60,"column":4},"end":{"line":60,"column":43}},"11":{"start":{"line":64,"column":0},"end":{"line":67,"column":2}},"12":{"start":{"line":65,"column":2},"end":{"line":66,"column":14}},"13":{"start":{"line":65,"column":32},"end":{"line":66,"column":12}},"14":{"start":{"line":69,"column":0},"end":{"line":74,"column":2}},"15":{"start":{"line":70,"column":2},"end":{"line":73,"column":6}},"16":{"start":{"line":70,"column":32},"end":{"line":73,"column":4}},"17":{"start":{"line":76,"column":0},"end":{"line":82,"column":2}},"18":{"start":{"line":77,"column":2},"end":{"line":81,"column":6}},"19":{"start":{"line":77,"column":32},"end":{"line":81,"column":4}},"20":{"start":{"line":84,"column":0},"end":{"line":89,"column":2}},"21":{"start":{"line":85,"column":2},"end":{"line":88,"column":6}},"22":{"start":{"line":85,"column":32},"end":{"line":88,"column":4}},"23":{"start":{"line":91,"column":16},"end":{"line":91,"column":57}},"24":{"start":{"line":92,"column":0},"end":{"line":92,"column":25}}},"fnMap":{"0":{"name":"(anonymous_0)","decl":{"start":{"line":50,"column":26},"end":{"line":50,"column":27}},"loc":{"start":{"line":50,"column":42},"end":{"line":55,"column":1}},"line":50},"1":{"name":"(anonymous_1)","decl":{"start":{"line":51,"column":22},"end":{"line":51,"column":23}},"loc":{"start":{"line":51,"column":36},"end":{"line":53,"column":3}},"line":51},"2":{"name":"(anonymous_2)","decl":{"start":{"line":57,"column":32},"end":{"line":57,"column":33}},"loc":{"start":{"line":57,"column":44},"end":{"line":62,"column":1}},"line":57},"3":{"name":"(anonymous_3)","decl":{"start":{"line":58,"column":21},"end":{"line":58,"column":22}},"loc":{"start":{"line":58,"column":48},"end":{"line":61,"column":3}},"line":58},"4":{"name":"(anonymous_4)","decl":{"start":{"line":64,"column":35},"end":{"line":64,"column":36}},"loc":{"start":{"line":64,"column":54},"end":{"line":67,"column":1}},"line":64},"5":{"name":"(anonymous_5)","decl":{"start":{"line":65,"column":21},"end":{"line":65,"column":22}},"loc":{"start":{"line":65,"column":32},"end":{"line":66,"column":12}},"line":65},"6":{"name":"(anonymous_6)","decl":{"start":{"line":69,"column":39},"end":{"line":69,"column":40}},"loc":{"start":{"line":69,"column":82},"end":{"line":74,"column":1}},"line":69},"7":{"name":"(anonymous_7)","decl":{"start":{"line":70,"column":21},"end":{"line":70,"column":22}},"loc":{"start":{"line":70,"column":32},"end":{"line":73,"column":4}},"line":70},"8":{"name":"(anonymous_8)","decl":{"start":{"line":76,"column":34},"end":{"line":76,"column":35}},"loc":{"start":{"line":76,"column":57},"end":{"line":82,"column":1}},"line":76},"9":{"name":"(anonymous_9)","decl":{"start":{"line":77,"column":21},"end":{"line":77,"column":22}},"loc":{"start":{"line":77,"column":32},"end":{"line":81,"column":4}},"line":77},"10":{"name":"(anonymous_10)","decl":{"start":{"line":84,"column":37},"end":{"line":84,"column":38}},"loc":{"start":{"line":84,"column":52},"end":{"line":89,"column":1}},"line":84},"11":{"name":"(anonymous_11)","decl":{"start":{"line":85,"column":21},"end":{"line":85,"column":22}},"loc":{"start":{"line":85,"column":32},"end":{"line":88,"column":4}},"line":85}},"branchMap":{"0":{"loc":{"start":{"line":60,"column":11},"end":{"line":60,"column":42}},"type":"cond-expr","locations":[{"start":{"line":60,"column":18},"end":{"line":60,"column":31}},{"start":{"line":60,"column":34},"end":{"line":60,"column":42}}],"line":60}},"s":{"0":1,"1":1,"2":1,"3":1,"4":4,"5":6,"6":4,"7":1,"8":1,"9":1,"10":1,"11":1,"12":6,"13":6,"14":1,"15":4,"16":4,"17":1,"18":5,"19":5,"20":1,"21":0,"22":0,"23":1,"24":1},"f":{"0":4,"1":6,"2":1,"3":1,"4":6,"5":6,"6":4,"7":4,"8":5,"9":5,"10":0,"11":0},"b":{"0":[1,0]},"_coverageSchema":"332fd63041d2c1bcb487cc26dd0d5f7d97098a6c","hash":"65b3b33f9a324f985394744d948cb1e8f787cf5c"}
,"C:\\Programming\\projects\\shopping-site\\models\\Review.js": {"path":"C:\\Programming\\projects\\shopping-site\\models\\Review.js","statementMap":{"0":{"start":{"line":1,"column":17},"end":{"line":1,"column":36}},"1":{"start":{"line":3,"column":21},"end":{"line":21,"column":24}},"2":{"start":{"line":23,"column":0},"end":{"line":23,"column":30}}},"fnMap":{},"branchMap":{},"s":{"0":1,"1":1,"2":1},"f":{},"b":{},"_coverageSchema":"332fd63041d2c1bcb487cc26dd0d5f7d97098a6c","hash":"4760b0762b5066faa78f285bf1b1a3abc429a20b"}
}
