TN:
SF:C:\Programming\projects\shopping-site\__test__\fakeProducts.js
FNF:0
FNH:0
DA:1,1
DA:14,1
DA:26,1
DA:37,1
LF:4
LH:4
BRF:0
BRH:0
end_of_record
TN:
SF:C:\Programming\projects\shopping-site\db\db.config.js
FNF:0
FNH:0
DA:1,1
LF:1
LH:1
BRF:0
BRH:0
end_of_record
TN:
SF:C:\Programming\projects\shopping-site\models\Product.js
FN:50,(anonymous_0)
FN:51,(anonymous_1)
FN:57,(anonymous_2)
FN:58,(anonymous_3)
FN:64,(anonymous_4)
FN:65,(anonymous_5)
FN:69,(anonymous_6)
FN:70,(anonymous_7)
FN:76,(anonymous_8)
FN:77,(anonymous_9)
FN:84,(anonymous_10)
FN:85,(anonymous_11)
FNF:12
FNH:10
FNDA:4,(anonymous_0)
FNDA:6,(anonymous_1)
FNDA:1,(anonymous_2)
FNDA:1,(anonymous_3)
FNDA:6,(anonymous_4)
FNDA:6,(anonymous_5)
FNDA:4,(anonymous_6)
FNDA:4,(anonymous_7)
FNDA:5,(anonymous_8)
FNDA:5,(anonymous_9)
FNDA:0,(anonymous_10)
FNDA:0,(anonymous_11)
DA:1,1
DA:2,1
DA:4,1
DA:50,1
DA:51,4
DA:52,6
DA:54,4
DA:57,1
DA:58,1
DA:59,1
DA:60,1
DA:64,1
DA:65,6
DA:69,1
DA:70,4
DA:76,1
DA:77,5
DA:84,1
DA:85,0
DA:91,1
DA:92,1
LF:21
LH:20
BRDA:60,0,0,1
BRDA:60,0,1,0
BRF:2
BRH:1
end_of_record
TN:
SF:C:\Programming\projects\shopping-site\models\Review.js
FNF:0
FNH:0
DA:1,1
DA:3,1
DA:23,1
LF:3
LH:3
BRF:0
BRH:0
end_of_record
